Using pre-set license
Built from '2021.3/staging' branch; Version is '2021.3.9f1 (ad3870b89536) revision 11352176'; Using compiler version '192829333'; Build Type 'Release'
OS: 'Windows 10  (10.0.19045) 64bit Education' Language: 'en' Physical Memory: 16165 MB
BatchMode: 1, IsHumanControllingUs: 0, StartBugReporterOnCrash: 0, Is64bit: 1, IsPro: 1

COMMAND LINE ARGUMENTS:
C:\Program Files\Unity\Hub\Editor\2021.3.9f1\Editor\Unity.exe
-adb2
-batchMode
-noUpm
-name
AssetImportWorker0
-projectPath
C:/Users/maddy.potter/OneDrive - School District No. 36 (Surrey)/Documents/GitHub/RowellPrototypes2022
-logFile
Logs/AssetImportWorker0.log
-srvPort
50854
Successfully changed project path to: C:/Users/maddy.potter/OneDrive - School District No. 36 (Surrey)/Documents/GitHub/RowellPrototypes2022
C:/Users/maddy.potter/OneDrive - School District No. 36 (Surrey)/Documents/GitHub/RowellPrototypes2022
[UnityMemory] Configuration Parameters - Can be set up in boot.config
    "memorysetup-bucket-allocator-granularity=16"
    "memorysetup-bucket-allocator-bucket-count=8"
    "memorysetup-bucket-allocator-block-size=33554432"
    "memorysetup-bucket-allocator-block-count=8"
    "memorysetup-main-allocator-block-size=16777216"
    "memorysetup-thread-allocator-block-size=16777216"
    "memorysetup-gfx-main-allocator-block-size=16777216"
    "memorysetup-gfx-thread-allocator-block-size=16777216"
    "memorysetup-cache-allocator-block-size=4194304"
    "memorysetup-typetree-allocator-block-size=2097152"
    "memorysetup-profiler-bucket-allocator-granularity=16"
    "memorysetup-profiler-bucket-allocator-bucket-count=8"
    "memorysetup-profiler-bucket-allocator-block-size=33554432"
    "memorysetup-profiler-bucket-allocator-block-count=8"
    "memorysetup-profiler-allocator-block-size=16777216"
    "memorysetup-profiler-editor-allocator-block-size=1048576"
    "memorysetup-temp-allocator-size-main=16777216"
    "memorysetup-job-temp-allocator-block-size=2097152"
    "memorysetup-job-temp-allocator-block-size-background=1048576"
    "memorysetup-job-temp-allocator-reduction-small-platforms=262144"
    "memorysetup-temp-allocator-size-background-worker=32768"
    "memorysetup-temp-allocator-size-job-worker=262144"
    "memorysetup-temp-allocator-size-preload-manager=33554432"
    "memorysetup-temp-allocator-size-nav-mesh-worker=65536"
    "memorysetup-temp-allocator-size-audio-worker=65536"
    "memorysetup-temp-allocator-size-cloud-worker=32768"
    "memorysetup-temp-allocator-size-gi-baking-worker=262144"
    "memorysetup-temp-allocator-size-gfx=262144"
Refreshing native plugins compatible for Editor in 32.61 ms, found 2 plugins.
Preloading 0 native plugins for Editor in 0.00 ms.
Initialize engine version: 2021.3.9f1 (ad3870b89536)
[Subsystems] Discovering subsystems at path C:/Program Files/Unity/Hub/Editor/2021.3.9f1/Editor/Data/Resources/UnitySubsystems
[Subsystems] Discovering subsystems at path C:/Users/maddy.potter/OneDrive - School District No. 36 (Surrey)/Documents/GitHub/RowellPrototypes2022/Assets
GfxDevice: creating device client; threaded=0; jobified=0
Direct3D:
    Version:  Direct3D 11.0 [level 11.1]
    Renderer: Intel(R) UHD Graphics 630 (ID=0x3e92)
    Vendor:   Intel
    VRAM:     8082 MB
    Driver:   30.0.101.1692
Initialize mono
Mono path[0] = 'C:/Program Files/Unity/Hub/Editor/2021.3.9f1/Editor/Data/Managed'
Mono path[1] = 'C:/Program Files/Unity/Hub/Editor/2021.3.9f1/Editor/Data/MonoBleedingEdge/lib/mono/unityjit-win32'
Mono config path = 'C:/Program Files/Unity/Hub/Editor/2021.3.9f1/Editor/Data/MonoBleedingEdge/etc'
Using monoOptions --debugger-agent=transport=dt_socket,embedding=1,server=y,suspend=n,address=127.0.0.1:56044
Begin MonoManager ReloadAssembly
Registering precompiled unity dll's ...
Register platform support module: C:/Program Files/Unity/Hub/Editor/2021.3.9f1/Editor/Data/PlaybackEngines/WebGLSupport/UnityEditor.WebGL.Extensions.dll
Register platform support module: C:/Program Files/Unity/Hub/Editor/2021.3.9f1/Editor/Data/PlaybackEngines/WindowsStandaloneSupport/UnityEditor.WindowsStandalone.Extensions.dll
Register platform support module: C:/Program Files/Unity/Hub/Editor/2021.3.9f1/Editor/Data/PlaybackEngines/MetroSupport/UnityEditor.UWP.Extensions.dll
Registered in 0.008808 seconds.
Native extension for UWP target not found
Native extension for WindowsStandalone target not found
Native extension for WebGL target not found
Refreshing native plugins compatible for Editor in 44.52 ms, found 2 plugins.
Preloading 0 native plugins for Editor in 0.00 ms.
Mono: successfully reloaded assembly
- Completed reload, in  0.747 seconds
Domain Reload Profiling:
	ReloadAssembly (747ms)
		BeginReloadAssembly (72ms)
			ExecutionOrderSort (0ms)
			DisableScriptedObjects (0ms)
			BackupInstance (0ms)
			ReleaseScriptingObjects (0ms)
			CreateAndSetChildDomain (1ms)
		EndReloadAssembly (568ms)
			LoadAssemblies (70ms)
			RebuildTransferFunctionScriptingTraits (0ms)
			SetupTypeCache (205ms)
			ReleaseScriptCaches (0ms)
			RebuildScriptCaches (30ms)
			SetupLoadedEditorAssemblies (229ms)
				LogAssemblyErrors (0ms)
				InitializePlatformSupportModulesInManaged (17ms)
				SetLoadedEditorAssemblies (0ms)
				RefreshPlugins (45ms)
				BeforeProcessingInitializeOnLoad (1ms)
				ProcessInitializeOnLoadAttributes (128ms)
				ProcessInitializeOnLoadMethodAttributes (37ms)
				AfterProcessingInitializeOnLoad (0ms)
				EditorAssembliesLoaded (0ms)
			ExecutionOrderSort2 (0ms)
			AwakeInstancesAfterBackupRestoration (0ms)
Platform modules already initialized, skipping
Registering precompiled user dll's ...
Registered in 0.003764 seconds.
Begin MonoManager ReloadAssembly
Native extension for UWP target not found
Native extension for WindowsStandalone target not found
Native extension for WebGL target not found
Refreshing native plugins compatible for Editor in 0.37 ms, found 2 plugins.
Preloading 0 native plugins for Editor in 0.00 ms.
Mono: successfully reloaded assembly
- Completed reload, in  0.819 seconds
Domain Reload Profiling:
	ReloadAssembly (819ms)
		BeginReloadAssembly (105ms)
			ExecutionOrderSort (0ms)
			DisableScriptedObjects (5ms)
			BackupInstance (0ms)
			ReleaseScriptingObjects (0ms)
			CreateAndSetChildDomain (17ms)
		EndReloadAssembly (604ms)
			LoadAssemblies (75ms)
			RebuildTransferFunctionScriptingTraits (0ms)
			SetupTypeCache (178ms)
			ReleaseScriptCaches (0ms)
			RebuildScriptCaches (39ms)
			SetupLoadedEditorAssemblies (289ms)
				LogAssemblyErrors (0ms)
				InitializePlatformSupportModulesInManaged (8ms)
				SetLoadedEditorAssemblies (0ms)
				RefreshPlugins (0ms)
				BeforeProcessingInitializeOnLoad (49ms)
				ProcessInitializeOnLoadAttributes (193ms)
				ProcessInitializeOnLoadMethodAttributes (31ms)
				AfterProcessingInitializeOnLoad (8ms)
				EditorAssembliesLoaded (0ms)
			ExecutionOrderSort2 (0ms)
			AwakeInstancesAfterBackupRestoration (6ms)
Platform modules already initialized, skipping
========================================================================
Worker process is ready to serve import requests
Launched and connected shader compiler UnityShaderCompiler.exe after 0.05 seconds
Refreshing native plugins compatible for Editor in 0.45 ms, found 2 plugins.
Preloading 0 native plugins for Editor in 0.00 ms.
Unloading 1837 Unused Serialized files (Serialized files now loaded: 0)
Unloading 23 unused Assets / (55.7 KB). Loaded Objects now: 2306.
Memory consumption went from 79.0 MB to 78.9 MB.
Total: 2.915000 ms (FindLiveObjects: 0.139400 ms CreateObjectMapping: 0.066900 ms MarkObjects: 2.628400 ms  DeleteObjects: 0.079400 ms)

AssetImportParameters requested are different than current active one (requested -> active):
  custom:video-decoder-ogg-theora: a1e56fd34408186e4bbccfd4996cb3dc -> 
  custom:container-muxer-webm: aa71ff27fc2769a1b78a27578f13a17b -> 
  custom:container-demuxer-webm: 4f35f7cbe854078d1ac9338744f61a02 -> 
  custom:video-encoder-webm-vp8: eb34c28f22e8b96e1ab97ce403110664 -> 
  custom:audio-encoder-webm-vorbis: bf7c407c2cedff20999df2af8eb42d56 -> 
  custom:framework-win-MediaFoundation: 216162199b28c13a410421893ffa2e32 -> 
  custom:container-demuxer-ogg: 62fdf1f143b41e24485cea50d1cbac27 -> 
  custom:video-decoder-webm-vp8: 9c59270c3fd7afecdb556c50c9e8de78 -> 
  custom:audio-decoder-ogg-vorbis: bf7c407c2cedff20999df2af8eb42d56 -> 
========================================================================
Received Import Request.
  Time since last request: 191669.411233 seconds.
  path: Assets/New Terrain 1.asset
  artifactKey: Guid(80639910b2df8e44696766436069a432) Importer(815301076,1909f56bfc062723c751e8b465ee728b)
Start importing Assets/New Terrain 1.asset using Guid(80639910b2df8e44696766436069a432) Importer(815301076,1909f56bfc062723c751e8b465ee728b)  -> (artifact id: '312ac2ca3109e24fff4cdce1c75889d9') in 0.036464 seconds 
========================================================================
Received Import Request.
  Time since last request: 0.000015 seconds.
  path: Assets/New Terrain 3.asset
  artifactKey: Guid(879b2dc86e6520e48a6eaa5ced535300) Importer(815301076,1909f56bfc062723c751e8b465ee728b)
Start importing Assets/New Terrain 3.asset using Guid(879b2dc86e6520e48a6eaa5ced535300) Importer(815301076,1909f56bfc062723c751e8b465ee728b)  -> (artifact id: 'a44dcd4e65a1d3250d4f7e89818a354b') in 0.051706 seconds 
========================================================================
Received Import Request.
  Time since last request: 0.000018 seconds.
  path: Assets/New Terrain 4.asset
  artifactKey: Guid(36de7712047d5c643bc39c5ade313232) Importer(815301076,1909f56bfc062723c751e8b465ee728b)
Start importing Assets/New Terrain 4.asset using Guid(36de7712047d5c643bc39c5ade313232) Importer(815301076,1909f56bfc062723c751e8b465ee728b)  -> (artifact id: '11828b6d73f0e166a52ba375c74850e7') in 0.027422 seconds 
========================================================================
Received Import Request.
  Time since last request: 0.000026 seconds.
  path: Assets/New Terrain.asset
  artifactKey: Guid(0ca64ca1932eb5643adb8f6b1968d439) Importer(815301076,1909f56bfc062723c751e8b465ee728b)
Start importing Assets/New Terrain.asset using Guid(0ca64ca1932eb5643adb8f6b1968d439) Importer(815301076,1909f56bfc062723c751e8b465ee728b)  -> (artifact id: '956c7d905d5f990d78c322e0221562d2') in 0.018156 seconds 
========================================================================
Received Import Request.
  Time since last request: 0.000022 seconds.
  path: Assets/New Terrain 2.asset
  artifactKey: Guid(3279d08a9c0d350409d91360b249746b) Importer(815301076,1909f56bfc062723c751e8b465ee728b)
Start importing Assets/New Terrain 2.asset using Guid(3279d08a9c0d350409d91360b249746b) Importer(815301076,1909f56bfc062723c751e8b465ee728b)  -> (artifact id: 'cb5c1cffef570175cf340eeb6824e303') in 0.020467 seconds 
========================================================================
Received Import Request.
  Time since last request: 2.772453 seconds.
  path: Assets/3 - Story
  artifactKey: Guid(88ca332040db7f743b1a57a854eb8eb8) Importer(815301076,1909f56bfc062723c751e8b465ee728b)
Start importing Assets/3 - Story using Guid(88ca332040db7f743b1a57a854eb8eb8) Importer(815301076,1909f56bfc062723c751e8b465ee728b)  -> (artifact id: '839f2d8465527c0f1d8e65082a6045e7') in 0.006669 seconds 
========================================================================
Received Import Request.
  Time since last request: 0.024404 seconds.
  path: Assets/3 - Story/MainTerrain.asset
  artifactKey: Guid(ebe282313af83ac40b4f3f19f0ae4661) Importer(815301076,1909f56bfc062723c751e8b465ee728b)
Start importing Assets/3 - Story/MainTerrain.asset using Guid(ebe282313af83ac40b4f3f19f0ae4661) Importer(815301076,1909f56bfc062723c751e8b465ee728b)  -> (artifact id: 'f94d6fe1c755c917215e22c52e6f83d9') in 0.050923 seconds 
========================================================================
Received Import Request.
  Time since last request: 9.318873 seconds.
  path: Assets/3 - Story/Scenes
  artifactKey: Guid(e205632915cf5cf4d98ad770329c525f) Importer(815301076,1909f56bfc062723c751e8b465ee728b)
Start importing Assets/3 - Story/Scenes using Guid(e205632915cf5cf4d98ad770329c525f) Importer(815301076,1909f56bfc062723c751e8b465ee728b)  -> (artifact id: '144351da41f417af663e26d3e2a356b0') in 0.008469 seconds 
========================================================================
Received Import Request.
  Time since last request: 0.048130 seconds.
  path: Assets/3 - Story/Scenes/NewLayer 1.terrainlayer
  artifactKey: Guid(af78294e30df20047ae5a3583f2ea061) Importer(815301076,1909f56bfc062723c751e8b465ee728b)
Start importing Assets/3 - Story/Scenes/NewLayer 1.terrainlayer using Guid(af78294e30df20047ae5a3583f2ea061) Importer(815301076,1909f56bfc062723c751e8b465ee728b)  -> (artifact id: '125390f76af2c3023cf2b06f40b796da') in 0.056924 seconds 
========================================================================
Received Import Request.
  Time since last request: 0.000017 seconds.
  path: Assets/3 - Story/Scenes/NewLayer 4.terrainlayer
  artifactKey: Guid(d907548bec8db174f95a7ecf5448c6b3) Importer(815301076,1909f56bfc062723c751e8b465ee728b)
Start importing Assets/3 - Story/Scenes/NewLayer 4.terrainlayer using Guid(d907548bec8db174f95a7ecf5448c6b3) Importer(815301076,1909f56bfc062723c751e8b465ee728b)  -> (artifact id: 'b124107c2c688f5adf44abe2ce0123b8') in 0.025233 seconds 
========================================================================
Received Import Request.
  Time since last request: 0.000015 seconds.
  path: Assets/3 - Story/Scenes/NewLayer 2.terrainlayer
  artifactKey: Guid(c4515fb614b890a44bd1a010d38410e1) Importer(815301076,1909f56bfc062723c751e8b465ee728b)
Start importing Assets/3 - Story/Scenes/NewLayer 2.terrainlayer using Guid(c4515fb614b890a44bd1a010d38410e1) Importer(815301076,1909f56bfc062723c751e8b465ee728b)  -> (artifact id: '649e323e607880ec4c18d818c389031c') in 0.026422 seconds 
========================================================================
Received Import Request.
  Time since last request: 0.000019 seconds.
  path: Assets/3 - Story/Scenes/NewLayer.terrainlayer
  artifactKey: Guid(82c14095b75df504aa1c854c57c8e453) Importer(815301076,1909f56bfc062723c751e8b465ee728b)
Start importing Assets/3 - Story/Scenes/NewLayer.terrainlayer using Guid(82c14095b75df504aa1c854c57c8e453) Importer(815301076,1909f56bfc062723c751e8b465ee728b)  -> (artifact id: '439335a2377a1f98cd82a9adc7209bea') in 0.024771 seconds 
========================================================================
Received Import Request.
  Time since last request: 0.000016 seconds.
  path: Assets/3 - Story/Scenes/NewLayer 3.terrainlayer
  artifactKey: Guid(aad6ee2d7aa6760478a4d5dfe9df9c8c) Importer(815301076,1909f56bfc062723c751e8b465ee728b)
Start importing Assets/3 - Story/Scenes/NewLayer 3.terrainlayer using Guid(aad6ee2d7aa6760478a4d5dfe9df9c8c) Importer(815301076,1909f56bfc062723c751e8b465ee728b)  -> (artifact id: '875782f97b94acf446d7f714238b6218') in 0.024538 seconds 
========================================================================
Received Import Request.
  Time since last request: 2.357994 seconds.
  path: Assets/3 - Story/Scenes/Scene4.unity
  artifactKey: Guid(cadb181f7b7650f43bfe6c6f2e566542) Importer(815301076,1909f56bfc062723c751e8b465ee728b)
Start importing Assets/3 - Story/Scenes/Scene4.unity using Guid(cadb181f7b7650f43bfe6c6f2e566542) Importer(815301076,1909f56bfc062723c751e8b465ee728b)  -> (artifact id: '1bb0450dbb86b1f7b52ac4508a659408') in 0.011061 seconds 
